mode: set
github.com/alee792/dad/pkg/dad/chain.go:36.49,37.19 1 1
github.com/alee792/dad/pkg/dad/chain.go:40.2,40.18 1 1
github.com/alee792/dad/pkg/dad/chain.go:43.2,50.10 3 1
github.com/alee792/dad/pkg/dad/chain.go:37.19,39.3 1 1
github.com/alee792/dad/pkg/dad/chain.go:40.18,42.3 1 1
github.com/alee792/dad/pkg/dad/chain.go:54.56,56.17 2 1
github.com/alee792/dad/pkg/dad/chain.go:56.17,57.10 1 1
github.com/alee792/dad/pkg/dad/chain.go:58.21,59.10 1 1
github.com/alee792/dad/pkg/dad/chain.go:60.11,61.30 1 1
github.com/alee792/dad/pkg/dad/chain.go:70.40,75.23 4 1
github.com/alee792/dad/pkg/dad/chain.go:75.23,81.28 4 1
github.com/alee792/dad/pkg/dad/chain.go:87.3,90.26 2 1
github.com/alee792/dad/pkg/dad/chain.go:97.3,97.46 1 1
github.com/alee792/dad/pkg/dad/chain.go:81.28,85.4 3 1
github.com/alee792/dad/pkg/dad/chain.go:90.26,92.4 1 1
github.com/alee792/dad/pkg/dad/chain.go:92.9,94.4 1 1
github.com/alee792/dad/pkg/dad/chain.go:102.54,104.2 1 1
github.com/alee792/dad/pkg/dad/chain.go:107.70,110.27 3 1
github.com/alee792/dad/pkg/dad/chain.go:120.2,120.33 1 1
github.com/alee792/dad/pkg/dad/chain.go:110.27,113.21 2 1
github.com/alee792/dad/pkg/dad/chain.go:116.3,118.14 3 1
github.com/alee792/dad/pkg/dad/chain.go:113.21,114.9 1 1
github.com/alee792/dad/pkg/dad/chain.go:127.45,131.2 3 1
github.com/alee792/dad/pkg/dad/chain.go:133.44,137.2 3 1
github.com/alee792/dad/pkg/dad/chain.go:139.37,143.24 4 1
github.com/alee792/dad/pkg/dad/chain.go:146.2,146.10 1 1
github.com/alee792/dad/pkg/dad/chain.go:143.24,144.8 1 1
github.com/alee792/dad/pkg/dad/chain.go:149.47,154.2 3 1
github.com/alee792/dad/pkg/dad/chain.go:157.41,159.2 1 1
github.com/alee792/dad/pkg/dad/store.go:11.41,13.2 1 0
github.com/alee792/dad/pkg/dad/store.go:16.48,18.16 2 0
github.com/alee792/dad/pkg/dad/store.go:21.2,21.26 1 0
github.com/alee792/dad/pkg/dad/store.go:24.2,24.24 1 0
github.com/alee792/dad/pkg/dad/store.go:18.16,20.3 1 0
github.com/alee792/dad/pkg/dad/store.go:21.26,23.3 1 0
